-- start_matchignore
-- m/^.*Extra Text:.*/
-- m/^.*Buckets:.*/
-- end_matchignore
-- Disable ORCA
SET optimizer TO off;
-- Test Suit 1: runtime filter main case
DROP TABLE IF EXISTS fact_rf, dim_rf;
NOTICE:  table "fact_rf" does not exist, skipping
NOTICE:  table "dim_rf" does not exist, skipping
CREATE TABLE fact_rf (fid int, did int, val int);
NOTICE:  Table doesn't have 'DISTRIBUTED BY' clause -- Using column named 'fid' as the Apache Cloudberry data distribution key for this table.
HINT:  The 'DISTRIBUTED BY' clause determines the distribution of data. Make sure column(s) chosen are the optimal data distribution key to minimize skew.
CREATE TABLE dim_rf (did int, proj_id int, filter_val int);
NOTICE:  Table doesn't have 'DISTRIBUTED BY' clause -- Using column named 'did' as the Apache Cloudberry data distribution key for this table.
HINT:  The 'DISTRIBUTED BY' clause determines the distribution of data. Make sure column(s) chosen are the optimal data distribution key to minimize skew.
-- Generating data, fact_rd.did and dim_rf.did is 80% matched
INSERT INTO fact_rf SELECT i, i % 8000 + 1, i FROM generate_series(1, 100000) s(i);
INSERT INTO dim_rf SELECT i, i % 10, i FROM generate_series(1, 10000) s(i);
ANALYZE fact_rf, dim_rf;
SET gp_enable_runtime_filter TO off;
EXPLAIN (COSTS OFF) SELECT COUNT(*) FROM fact_rf, dim_rf
    WHERE fact_rf.did = dim_rf.did AND proj_id < 2;
                                QUERY PLAN                                 
---------------------------------------------------------------------------
 Finalize Aggregate
   ->  Gather Motion 3:1  (slice1; segments: 3)
         ->  Partial Aggregate
               ->  Hash Join
                     Hash Cond: (fact_rf.did = dim_rf.did)
                     ->  Seq Scan on fact_rf
                     ->  Hash
                           ->  Broadcast Motion 3:3  (slice2; segments: 3)
                                 ->  Seq Scan on dim_rf
                                       Filter: (proj_id < 2)
 Optimizer: Postgres query optimizer
(11 rows)

SET gp_enable_runtime_filter TO on;
EXPLAIN (COSTS OFF) SELECT COUNT(*) FROM fact_rf, dim_rf
    WHERE fact_rf.did = dim_rf.did AND proj_id < 2;
                                QUERY PLAN                                 
---------------------------------------------------------------------------
 Finalize Aggregate
   ->  Gather Motion 3:1  (slice1; segments: 3)
         ->  Partial Aggregate
               ->  Hash Join
                     Hash Cond: (fact_rf.did = dim_rf.did)
                     ->  RuntimeFilter
                           ->  Seq Scan on fact_rf
                     ->  Hash
                           ->  Broadcast Motion 3:3  (slice2; segments: 3)
                                 ->  Seq Scan on dim_rf
                                       Filter: (proj_id < 2)
 Optimizer: Postgres query optimizer
(12 rows)

-- Test bad filter rate
EXPLAIN (COSTS OFF) SELECT COUNT(*) FROM fact_rf, dim_rf
    WHERE fact_rf.did = dim_rf.did AND proj_id < 7;
                                QUERY PLAN                                 
---------------------------------------------------------------------------
 Finalize Aggregate
   ->  Gather Motion 3:1  (slice1; segments: 3)
         ->  Partial Aggregate
               ->  Hash Join
                     Hash Cond: (fact_rf.did = dim_rf.did)
                     ->  Seq Scan on fact_rf
                     ->  Hash
                           ->  Broadcast Motion 3:3  (slice2; segments: 3)
                                 ->  Seq Scan on dim_rf
                                       Filter: (proj_id < 7)
 Optimizer: Postgres query optimizer
(11 rows)

-- Test outer join
-- LeftJoin (eliminated and applicatable)
EXPLAIN (COSTS OFF) SELECT COUNT(*) FROM
    fact_rf LEFT JOIN dim_rf ON fact_rf.did = dim_rf.did
    WHERE proj_id < 2;
                                QUERY PLAN                                 
---------------------------------------------------------------------------
 Finalize Aggregate
   ->  Gather Motion 3:1  (slice1; segments: 3)
         ->  Partial Aggregate
               ->  Hash Join
                     Hash Cond: (fact_rf.did = dim_rf.did)
                     ->  RuntimeFilter
                           ->  Seq Scan on fact_rf
                     ->  Hash
                           ->  Broadcast Motion 3:3  (slice2; segments: 3)
                                 ->  Seq Scan on dim_rf
                                       Filter: (proj_id < 2)
 Optimizer: Postgres query optimizer
(12 rows)

-- LeftJoin
EXPLAIN (COSTS OFF) SELECT COUNT(*) FROM
    fact_rf LEFT JOIN dim_rf ON fact_rf.did = dim_rf.did
    WHERE proj_id IS NULL OR proj_id < 2;
                                   QUERY PLAN                                   
--------------------------------------------------------------------------------
 Finalize Aggregate
   ->  Gather Motion 3:1  (slice1; segments: 3)
         ->  Partial Aggregate
               ->  Hash Left Join
                     Hash Cond: (fact_rf.did = dim_rf.did)
                     Filter: ((dim_rf.proj_id IS NULL) OR (dim_rf.proj_id < 2))
                     ->  Seq Scan on fact_rf
                     ->  Hash
                           ->  Broadcast Motion 3:3  (slice2; segments: 3)
                                 ->  Seq Scan on dim_rf
 Optimizer: Postgres query optimizer
(11 rows)

-- RightJoin (applicatable)
EXPLAIN (COSTS OFF) SELECT COUNT(*) FROM
    fact_rf RIGHT JOIN dim_rf ON fact_rf.did = dim_rf.did
    WHERE proj_id < 2;
                                  QUERY PLAN                                  
------------------------------------------------------------------------------
 Finalize Aggregate
   ->  Gather Motion 3:1  (slice1; segments: 3)
         ->  Partial Aggregate
               ->  Hash Right Join
                     Hash Cond: (fact_rf.did = dim_rf.did)
                     ->  RuntimeFilter
                           ->  Redistribute Motion 3:3  (slice2; segments: 3)
                                 Hash Key: fact_rf.did
                                 ->  Seq Scan on fact_rf
                     ->  Hash
                           ->  Seq Scan on dim_rf
                                 Filter: (proj_id < 2)
 Optimizer: Postgres query optimizer
(13 rows)

-- SemiJoin
EXPLAIN (COSTS OFF) SELECT COUNT(*) FROM fact_rf
    WHERE fact_rf.did IN (SELECT did FROM dim_rf WHERE proj_id < 2);
                                QUERY PLAN                                 
---------------------------------------------------------------------------
 Finalize Aggregate
   ->  Gather Motion 3:1  (slice1; segments: 3)
         ->  Partial Aggregate
               ->  Hash Semi Join
                     Hash Cond: (fact_rf.did = dim_rf.did)
                     ->  RuntimeFilter
                           ->  Seq Scan on fact_rf
                     ->  Hash
                           ->  Broadcast Motion 3:3  (slice2; segments: 3)
                                 ->  Seq Scan on dim_rf
                                       Filter: (proj_id < 2)
 Optimizer: Postgres query optimizer
(12 rows)

-- SemiJoin -> InnerJoin and deduplicate
EXPLAIN (COSTS OFF) SELECT COUNT(*) FROM dim_rf
    WHERE dim_rf.did IN (SELECT did FROM fact_rf) AND proj_id < 2;
                                      QUERY PLAN                                       
---------------------------------------------------------------------------------------
 Finalize Aggregate
   ->  Gather Motion 3:1  (slice1; segments: 3)
         ->  Partial Aggregate
               ->  HashAggregate
                     Group Key: (RowIdExpr)
                     ->  Redistribute Motion 3:3  (slice2; segments: 3)
                           Hash Key: (RowIdExpr)
                           ->  Hash Join
                                 Hash Cond: (fact_rf.did = dim_rf.did)
                                 ->  RuntimeFilter
                                       ->  Seq Scan on fact_rf
                                 ->  Hash
                                       ->  Broadcast Motion 3:3  (slice3; segments: 3)
                                             ->  Seq Scan on dim_rf
                                                   Filter: (proj_id < 2)
 Optimizer: Postgres query optimizer
(16 rows)

-- Test correctness
SELECT * FROM fact_rf, dim_rf
    WHERE fact_rf.did = dim_rf.did AND dim_rf.filter_val = 1
    ORDER BY fid;
  fid  | did |  val  | did | proj_id | filter_val 
-------+-----+-------+-----+---------+------------
  8000 |   1 |  8000 |   1 |       1 |          1
 16000 |   1 | 16000 |   1 |       1 |          1
 24000 |   1 | 24000 |   1 |       1 |          1
 32000 |   1 | 32000 |   1 |       1 |          1
 40000 |   1 | 40000 |   1 |       1 |          1
 48000 |   1 | 48000 |   1 |       1 |          1
 56000 |   1 | 56000 |   1 |       1 |          1
 64000 |   1 | 64000 |   1 |       1 |          1
 72000 |   1 | 72000 |   1 |       1 |          1
 80000 |   1 | 80000 |   1 |       1 |          1
 88000 |   1 | 88000 |   1 |       1 |          1
 96000 |   1 | 96000 |   1 |       1 |          1
(12 rows)

SELECT * FROM
    fact_rf LEFT JOIN dim_rf ON fact_rf.did = dim_rf.did
    WHERE dim_rf.filter_val = 1
    ORDER BY fid;
  fid  | did |  val  | did | proj_id | filter_val 
-------+-----+-------+-----+---------+------------
  8000 |   1 |  8000 |   1 |       1 |          1
 16000 |   1 | 16000 |   1 |       1 |          1
 24000 |   1 | 24000 |   1 |       1 |          1
 32000 |   1 | 32000 |   1 |       1 |          1
 40000 |   1 | 40000 |   1 |       1 |          1
 48000 |   1 | 48000 |   1 |       1 |          1
 56000 |   1 | 56000 |   1 |       1 |          1
 64000 |   1 | 64000 |   1 |       1 |          1
 72000 |   1 | 72000 |   1 |       1 |          1
 80000 |   1 | 80000 |   1 |       1 |          1
 88000 |   1 | 88000 |   1 |       1 |          1
 96000 |   1 | 96000 |   1 |       1 |          1
(12 rows)

SELECT COUNT(*) FROM
    fact_rf LEFT JOIN dim_rf ON fact_rf.did = dim_rf.did
    WHERE proj_id < 2;
 count 
-------
 20000
(1 row)

SELECT COUNT(*) FROM
    fact_rf LEFT JOIN dim_rf ON fact_rf.did = dim_rf.did
    WHERE proj_id IS NULL OR proj_id < 2;
 count 
-------
 20000
(1 row)

SELECT COUNT(*) FROM
    fact_rf RIGHT JOIN dim_rf ON fact_rf.did = dim_rf.did
    WHERE proj_id < 2;
 count 
-------
 20400
(1 row)

SELECT COUNT(*) FROM fact_rf
    WHERE fact_rf.did IN (SELECT did FROM dim_rf WHERE proj_id < 2);
 count 
-------
 20000
(1 row)

SELECT COUNT(*) FROM dim_rf
    WHERE dim_rf.did IN (SELECT did FROM fact_rf) AND proj_id < 2;
 count 
-------
  1600
(1 row)

-- Test bloom filter pushdown
SET enable_parallel TO off;
-- case 1: join on distribution table and replicated table.
DROP TABLE IF EXISTS t1;
NOTICE:  table "t1" does not exist, skipping
DROP TABLE IF EXISTS t2;
NOTICE:  table "t2" does not exist, skipping
CREATE TABLE t1(c1 int, c2 int, c3 int, c4 int, c5 int) with (appendonly=true, orientation=column) distributed by (c1);
CREATE TABLE t2(c1 int, c2 int, c3 int, c4 int, c5 int) with (appendonly=true, orientation=column) distributed REPLICATED;
INSERT INTO t1 VALUES (5,5,5,5,5);
INSERT INTO t2 VALUES (1,1,1,1,1), (2,2,2,2,2), (3,3,3,3,3), (4,4,4,4,4);
INSERT INTO t1 SELECT * FROM t1;
INSERT INTO t1 SELECT * FROM t1;
INSERT INTO t1 SELECT * FROM t1;
INSERT INTO t1 SELECT * FROM t1;
INSERT INTO t1 SELECT * FROM t1;
INSERT INTO t1 SELECT * FROM t1;
INSERT INTO t1 SELECT * FROM t1;
INSERT INTO t2 select * FROM t2;
INSERT INTO t2 select * FROM t2;
INSERT INTO t2 select * FROM t2;
ANALYZE;
EXPLAIN (ANALYZE, COSTS OFF, SUMMARY OFF, TIMING OFF)
SELECT t1.c3 FROM t1, t2 WHERE t1.c2 = t2.c2;
                                        QUERY PLAN                                         
-------------------------------------------------------------------------------------------
 Gather Motion 3:1  (slice1; segments: 3) (actual rows=0 loops=1)
   ->  Hash Join (actual rows=0 loops=1)
         Hash Cond: (t1.c2 = t2.c2)
         Extra Text: (seg2)   Hash chain length 8.0 avg, 8 max, using 4 of 524288 buckets.
         ->  Seq Scan on t1 (actual rows=128 loops=1)
         ->  Hash (actual rows=32 loops=1)
               Buckets: 524288  Batches: 1  Memory Usage: 4098kB
               ->  Seq Scan on t2 (actual rows=32 loops=1)
 Optimizer: Postgres query optimizer
(9 rows)

SET gp_enable_runtime_filter_pushdown TO on;
EXPLAIN (ANALYZE, COSTS OFF, SUMMARY OFF, TIMING OFF)
SELECT t1.c3 FROM t1, t2 WHERE t1.c2 = t2.c2;
                                        QUERY PLAN                                         
-------------------------------------------------------------------------------------------
 Gather Motion 3:1  (slice1; segments: 3) (actual rows=0 loops=1)
   ->  Hash Join (actual rows=0 loops=1)
         Hash Cond: (t1.c2 = t2.c2)
         Extra Text: (seg2)   Hash chain length 8.0 avg, 8 max, using 4 of 524288 buckets.
         ->  Seq Scan on t1 (actual rows=1 loops=1)
               Rows Removed by Pushdown Runtime Filter: 127
         ->  Hash (actual rows=32 loops=1)
               Buckets: 524288  Batches: 1  Memory Usage: 4098kB
               ->  Seq Scan on t2 (actual rows=32 loops=1)
 Optimizer: Postgres query optimizer
(10 rows)

RESET gp_enable_runtime_filter_pushdown;
DROP TABLE IF EXISTS t1;
DROP TABLE IF EXISTS t2;
-- case 2: join on partition table and replicated table.
CREATE TABLE t1 (c1 INT, c2 INT) DISTRIBUTED BY (c1) PARTITION BY RANGE (c2) (START (1) END (100) EVERY (50));
CREATE TABLE t2 (c1 INT, c2 INT) DISTRIBUTED REPLICATED;
INSERT INTO t1 SELECT generate_series(1, 99), generate_series(1, 99);
INSERT INTO t1 SELECT * FROM t1;
INSERT INTO t1 SELECT * FROM t1;
INSERT INTO t1 SELECT * FROM t1;
INSERT INTO t1 SELECT * FROM t1;
INSERT INTO t2 SELECT generate_series(1, 5), generate_series(1, 5);
INSERT INTO t2 SELECT generate_series(51, 51), generate_series(51, 51);
ANALYZE;
EXPLAIN (ANALYZE, COSTS OFF, SUMMARY OFF, TIMING OFF)
SELECT * FROM t1, t2 WHERE t1.c2 = t2.c2;
                                        QUERY PLAN                                         
-------------------------------------------------------------------------------------------
 Gather Motion 3:1  (slice1; segments: 3) (actual rows=96 loops=1)
   ->  Hash Join (actual rows=64 loops=1)
         Hash Cond: (t1.c2 = t2.c2)
         Extra Text: (seg0)   Hash chain length 1.0 avg, 1 max, using 6 of 524288 buckets.
         ->  Append (actual rows=608 loops=1)
               Partition Selectors: $0
               ->  Seq Scan on t1_1_prt_1 t1_1 (actual rows=288 loops=1)
               ->  Seq Scan on t1_1_prt_2 t1_2 (actual rows=320 loops=1)
         ->  Hash (actual rows=6 loops=1)
               Buckets: 524288  Batches: 1  Memory Usage: 4097kB
               ->  Partition Selector (selector id: $0) (actual rows=6 loops=1)
                     ->  Seq Scan on t2 (actual rows=6 loops=1)
 Optimizer: Postgres query optimizer
(13 rows)

SET gp_enable_runtime_filter_pushdown TO on;
EXPLAIN (ANALYZE, COSTS OFF, SUMMARY OFF, TIMING OFF)
SELECT * FROM t1, t2 WHERE t1.c2 = t2.c2;
                                        QUERY PLAN                                         
-------------------------------------------------------------------------------------------
 Gather Motion 3:1  (slice1; segments: 3) (actual rows=96 loops=1)
   ->  Hash Join (actual rows=64 loops=1)
         Hash Cond: (t1.c2 = t2.c2)
         Extra Text: (seg0)   Hash chain length 1.0 avg, 1 max, using 6 of 524288 buckets.
         ->  Append (actual rows=64 loops=1)
               Partition Selectors: $0
               ->  Seq Scan on t1_1_prt_1 t1_1 (actual rows=48 loops=1)
                     Rows Removed by Pushdown Runtime Filter: 240
               ->  Seq Scan on t1_1_prt_2 t1_2 (actual rows=16 loops=1)
                     Rows Removed by Pushdown Runtime Filter: 304
         ->  Hash (actual rows=6 loops=1)
               Buckets: 524288  Batches: 1  Memory Usage: 4097kB
               ->  Partition Selector (selector id: $0) (actual rows=6 loops=1)
                     ->  Seq Scan on t2 (actual rows=6 loops=1)
 Optimizer: Postgres query optimizer
(15 rows)

RESET gp_enable_runtime_filter_pushdown;
DROP TABLE IF EXISTS t1;
DROP TABLE IF EXISTS t2;
-- case 3: bug fix with explain
DROP TABLE IF EXISTS test_tablesample1;
NOTICE:  table "test_tablesample1" does not exist, skipping
CREATE TABLE test_tablesample1 (dist int, id int, name text) WITH (fillfactor=10) DISTRIBUTED BY (dist);
INSERT INTO test_tablesample1 SELECT 0, i, repeat(i::text, 875) FROM generate_series(0, 9) s(i) ORDER BY i;
INSERT INTO test_tablesample1 SELECT 3, i, repeat(i::text, 875) FROM generate_series(10, 19) s(i) ORDER BY i;
INSERT INTO test_tablesample1 SELECT 5, i, repeat(i::text, 875) FROM generate_series(20, 29) s(i) ORDER BY i;
SET gp_enable_runtime_filter_pushdown TO on;
EXPLAIN (COSTS OFF) SELECT id FROM test_tablesample1 TABLESAMPLE SYSTEM (50) REPEATABLE (2);
                                QUERY PLAN                                
--------------------------------------------------------------------------
 Gather Motion 3:1  (slice1; segments: 3)
   ->  Sample Scan on test_tablesample1
         Sampling: system ('50'::real) REPEATABLE ('2'::double precision)
 Optimizer: Postgres query optimizer
(4 rows)

RESET gp_enable_runtime_filter_pushdown;
DROP TABLE IF EXISTS test_tablesample1;
-- case 4: show debug info only when gp_enable_runtime_filter_pushdown is on
DROP TABLE IF EXISTS t1;
NOTICE:  table "t1" does not exist, skipping
DROP TABLE IF EXISTS t2;
NOTICE:  table "t2" does not exist, skipping
CREATE TABLE t1(c1 int, c2 int);
NOTICE:  Table doesn't have 'DISTRIBUTED BY' clause -- Using column named 'c1' as the Cloudberry Database data distribution key for this table.
HINT:  The 'DISTRIBUTED BY' clause determines the distribution of data. Make sure column(s) chosen are the optimal data distribution key to minimize skew.
CREATE TABLE t2(c1 int, c2 int);
NOTICE:  Table doesn't have 'DISTRIBUTED BY' clause -- Using column named 'c1' as the Cloudberry Database data distribution key for this table.
HINT:  The 'DISTRIBUTED BY' clause determines the distribution of data. Make sure column(s) chosen are the optimal data distribution key to minimize skew.
INSERT INTO t1 SELECT GENERATE_SERIES(1, 1000), GENERATE_SERIES(1, 1000);
INSERT INTO t2 SELECT * FROM t1;
SET gp_enable_runtime_filter_pushdown TO on;
EXPLAIN (ANALYZE, COSTS OFF, SUMMARY OFF, TIMING OFF) SELECT count(t1.c2) FROM t1, t2 WHERE t1.c1 = t2.c1;
                                               QUERY PLAN                                                
---------------------------------------------------------------------------------------------------------
 Finalize Aggregate (actual rows=1 loops=1)
   ->  Gather Motion 3:1  (slice1; segments: 3) (actual rows=3 loops=1)
         ->  Partial Aggregate (actual rows=1 loops=1)
               ->  Hash Join (actual rows=340 loops=1)
                     Hash Cond: (t1.c1 = t2.c1)
                     Extra Text: (seg2)   Hash chain length 1.0 avg, 1 max, using 340 of 524288 buckets.
                     ->  Seq Scan on t1 (actual rows=340 loops=1)
                           Rows Removed by Pushdown Runtime Filter: 0
                     ->  Hash (actual rows=340 loops=1)
                           Buckets: 524288  Batches: 1  Memory Usage: 4108kB
                           ->  Seq Scan on t2 (actual rows=340 loops=1)
 Optimizer: Postgres query optimizer
(12 rows)

RESET gp_enable_runtime_filter_pushdown;
DROP TABLE IF EXISTS t1;
DROP TABLE IF EXISTS t2;
-- case 5: hashjoin + result + seqsacn
DROP TABLE IF EXISTS t1;
NOTICE:  table "t1" does not exist, skipping
DROP TABLE IF EXISTS t2;
NOTICE:  table "t2" does not exist, skipping
CREATE TABLE t1(c1 int, c2 int, c3 char(50), c4 char(50), c5 char(50)) DISTRIBUTED REPLICATED;
CREATE TABLE t2(c1 int, c2 int, c3 char(50), c4 char(50), c5 char(50));
NOTICE:  Table doesn't have 'DISTRIBUTED BY' clause -- Using column named 'c1' as the Cloudberry Database data distribution key for this table.
HINT:  The 'DISTRIBUTED BY' clause determines the distribution of data. Make sure column(s) chosen are the optimal data distribution key to minimize skew.
INSERT INTO t1 VALUES (5,5,5,5,5), (3,3,3,3,3), (4,4,4,4,4);
INSERT INTO t2 VALUES (1,1,1,1,1), (2,2,2,2,2), (3,3,3,3,3), (4,4,4,4,4);
INSERT INTO t1 SELECT * FROM t1;
INSERT INTO t1 SELECT * FROM t1;
INSERT INTO t1 SELECT * FROM t1;
INSERT INTO t2 select * FROM t2;
ANALYZE;
SET optimizer TO on;
SET gp_enable_runtime_filter_pushdown TO off;
EXPLAIN (ANALYZE, COSTS OFF, SUMMARY OFF, TIMING OFF) SELECT t1.c3 FROM t1, t2 WHERE t1.c1 = t2.c1;
                                        QUERY PLAN                                         
-------------------------------------------------------------------------------------------
 Gather Motion 3:1  (slice1; segments: 3) (actual rows=32 loops=1)
   ->  Hash Join (actual rows=32 loops=1)
         Hash Cond: (t1.c1 = t2.c1)
         Extra Text: (seg0)   Hash chain length 2.0 avg, 2 max, using 3 of 524288 buckets.
         ->  Result (actual rows=16 loops=1)
               ->  Seq Scan on t1 (actual rows=24 loops=1)
         ->  Hash (actual rows=6 loops=1)
               Buckets: 524288  Batches: 1  Memory Usage: 4097kB
               ->  Seq Scan on t2 (actual rows=6 loops=1)
 Optimizer: Pivotal Optimizer (GPORCA)
(10 rows)

SET gp_enable_runtime_filter_pushdown TO on;
EXPLAIN (ANALYZE, COSTS OFF, SUMMARY OFF, TIMING OFF) SELECT t1.c3 FROM t1, t2 WHERE t1.c1 = t2.c1;
                                        QUERY PLAN                                         
-------------------------------------------------------------------------------------------
 Gather Motion 3:1  (slice1; segments: 3) (actual rows=32 loops=1)
   ->  Hash Join (actual rows=32 loops=1)
         Hash Cond: (t1.c1 = t2.c1)
         Extra Text: (seg0)   Hash chain length 2.0 avg, 2 max, using 3 of 524288 buckets.
         ->  Result (actual rows=16 loops=1)
               ->  Seq Scan on t1 (actual rows=16 loops=1)
                     Rows Removed by Pushdown Runtime Filter: 8
         ->  Hash (actual rows=6 loops=1)
               Buckets: 524288  Batches: 1  Memory Usage: 4097kB
               ->  Seq Scan on t2 (actual rows=6 loops=1)
 Optimizer: Pivotal Optimizer (GPORCA)
(11 rows)

RESET gp_enable_runtime_filter_pushdown;
DROP TABLE IF EXISTS t1;
DROP TABLE IF EXISTS t2;
-- case 6: hashjoin + hashjoin + seqscan
DROP TABLE IF EXISTS t1;
NOTICE:  table "t1" does not exist, skipping
DROP TABLE IF EXISTS t2;
NOTICE:  table "t2" does not exist, skipping
DROP TABLE IF EXISTS t3;
NOTICE:  table "t3" does not exist, skipping
CREATE TABLE t1(c1 int, c2 int, c3 char(50), c4 char(50), c5 char(50)) DISTRIBUTED REPLICATED;
CREATE TABLE t2(c1 int, c2 int, c3 char(50), c4 char(50), c5 char(50)) DISTRIBUTED REPLICATED;
CREATE TABLE t3(c1 int, c2 int, c3 char(50), c4 char(50), c5 char(50)) DISTRIBUTED REPLICATED;
INSERT INTO t1 VALUES (1,1,1,1,1), (2,2,2,2,2), (5,5,5,5,5);
INSERT INTO t2 VALUES (1,1,1,1,1), (2,2,2,2,2), (3,3,3,3,3), (4,4,4,4,4);
INSERT INTO t3 VALUES (1,1,1,1,1), (2,2,2,2,2), (3,3,3,3,3), (4,4,4,4,4);
INSERT INTO t1 SELECT * FROM t1;
INSERT INTO t1 SELECT * FROM t1;
INSERT INTO t1 SELECT * FROM t1;
INSERT INTO t1 SELECT * FROM t1;
INSERT INTO t2 select * FROM t2;
INSERT INTO t2 select * FROM t2;
INSERT INTO t3 select * FROM t3;
ANALYZE;
SET optimizer TO off;
SET gp_enable_runtime_filter_pushdown TO off;
EXPLAIN (ANALYZE, COSTS OFF, SUMMARY OFF, TIMING OFF) SELECT * FROM t1, t2, t3 WHERE t1.c1 = t2.c1 AND t1.c2 = t3.c2;
                                      QUERY PLAN                                       
---------------------------------------------------------------------------------------
 Gather Motion 1:1  (slice1; segments: 1) (actual rows=256 loops=1)
   ->  Hash Join (actual rows=256 loops=1)
         Hash Cond: (t1.c1 = t2.c1)
         Extra Text: Hash chain length 4.0 avg, 4 max, using 4 of 32768 buckets.
         ->  Hash Join (actual rows=64 loops=1)
               Hash Cond: (t1.c2 = t3.c2)
               Extra Text: Hash chain length 2.0 avg, 2 max, using 4 of 32768 buckets.
               ->  Seq Scan on t1 (actual rows=48 loops=1)
               ->  Hash (actual rows=8 loops=1)
                     Buckets: 32768  Batches: 1  Memory Usage: 258kB
                     ->  Seq Scan on t3 (actual rows=8 loops=1)
         ->  Hash (actual rows=16 loops=1)
               Buckets: 32768  Batches: 1  Memory Usage: 260kB
               ->  Seq Scan on t2 (actual rows=16 loops=1)
 Optimizer: Postgres query optimizer
(15 rows)

SET gp_enable_runtime_filter_pushdown TO on;
EXPLAIN (ANALYZE, COSTS OFF, SUMMARY OFF, TIMING OFF) SELECT * FROM t1, t2, t3 WHERE t1.c1 = t2.c1 AND t1.c2 = t3.c2;
                                      QUERY PLAN                                       
---------------------------------------------------------------------------------------
 Gather Motion 1:1  (slice1; segments: 1) (actual rows=256 loops=1)
   ->  Hash Join (actual rows=256 loops=1)
         Hash Cond: (t1.c1 = t2.c1)
         Extra Text: Hash chain length 4.0 avg, 4 max, using 4 of 32768 buckets.
         ->  Hash Join (actual rows=64 loops=1)
               Hash Cond: (t1.c2 = t3.c2)
               Extra Text: Hash chain length 2.0 avg, 2 max, using 4 of 32768 buckets.
               ->  Seq Scan on t1 (actual rows=32 loops=1)
                     Rows Removed by Pushdown Runtime Filter: 16
               ->  Hash (actual rows=8 loops=1)
                     Buckets: 32768  Batches: 1  Memory Usage: 258kB
                     ->  Seq Scan on t3 (actual rows=8 loops=1)
         ->  Hash (actual rows=16 loops=1)
               Buckets: 32768  Batches: 1  Memory Usage: 260kB
               ->  Seq Scan on t2 (actual rows=16 loops=1)
 Optimizer: Postgres query optimizer
(16 rows)

RESET gp_enable_runtime_filter_pushdown;
DROP TABLE IF EXISTS t1;
DROP TABLE IF EXISTS t2;
DROP TABLE IF EXISTS t3;
RESET enable_parallel;
-- Clean up: reset guc
SET gp_enable_runtime_filter TO off;
SET optimizer TO default;
